[debug] [2020-04-23T01:37:25.644Z] ----------------------------------------------------------------------
[debug] [2020-04-23T01:37:25.646Z] Command:       C:\Program Files\nodejs\node.exe C:\Users\ahmad\AppData\Roaming\npm\node_modules\firebase-tools\lib\bin\firebase.js serve
[debug] [2020-04-23T01:37:25.647Z] CLI Version:   8.1.1
[debug] [2020-04-23T01:37:25.647Z] Platform:      win32
[debug] [2020-04-23T01:37:25.647Z] Node Version:  v13.10.1
[debug] [2020-04-23T01:37:25.647Z] Time:          Thu Apr 23 2020 08:37:25 GMT+0700 (Western Indonesia Time)
[debug] [2020-04-23T01:37:25.648Z] ----------------------------------------------------------------------
[debug] [2020-04-23T01:37:25.648Z] 
[debug] [2020-04-23T01:37:25.656Z] > command requires scopes: ["email","openid","https://www.googleapis.com/auth/cloudplatformprojects.readonly","https://www.googleapis.com/auth/firebase","https://www.googleapis.com/auth/cloud-platform"]
[debug] [2020-04-23T01:37:25.656Z] > authorizing via signed-in user
[debug] [2020-04-23T01:37:25.657Z] [iam] checking project fir-login-dc5ad for permissions ["firebase.projects.get"]
[debug] [2020-04-23T01:37:25.660Z] >>> HTTP REQUEST POST https://cloudresourcemanager.googleapis.com/v1/projects/fir-login-dc5ad:testIamPermissions  
 {"permissions":["firebase.projects.get"]}
[debug] [2020-04-23T01:37:27.513Z] <<< HTTP RESPONSE 200 {"content-type":"application/json; charset=UTF-8","vary":"X-Origin, Referer, Origin,Accept-Encoding","date":"Thu, 23 Apr 2020 01:37:28 GMT","server":"ESF","cache-control":"private","x-xss-protection":"0","x-frame-options":"SAMEORIGIN","x-content-type-options":"nosniff","server-timing":"gfet4t7; dur=1252","alt-svc":"quic=\":443\"; ma=2592000; v=\"46,43\",h3-Q050=\":443\"; ma=2592000,h3-Q049=\":443\"; ma=2592000,h3-Q048=\":443\"; ma=2592000,h3-Q046=\":443\"; ma=2592000,h3-Q043=\":443\"; ma=2592000,h3-T050=\":443\"; ma=2592000","accept-ranges":"none","transfer-encoding":"chunked"}
[debug] [2020-04-23T01:37:27.515Z] >>> HTTP REQUEST GET https://firebase.googleapis.com/v1beta1/projects/fir-login-dc5ad  
 
[debug] [2020-04-23T01:37:27.932Z] <<< HTTP RESPONSE 200 {"content-type":"application/json; charset=UTF-8","vary":"X-Origin, Referer, Origin,Accept-Encoding","date":"Thu, 23 Apr 2020 01:37:29 GMT","server":"ESF","cache-control":"private","x-xss-protection":"0","x-frame-options":"SAMEORIGIN","x-content-type-options":"nosniff","alt-svc":"quic=\":443\"; ma=2592000; v=\"46,43\",h3-Q050=\":443\"; ma=2592000,h3-Q049=\":443\"; ma=2592000,h3-Q048=\":443\"; ma=2592000,h3-Q046=\":443\"; ma=2592000,h3-Q043=\":443\"; ma=2592000,h3-T050=\":443\"; ma=2592000","accept-ranges":"none","transfer-encoding":"chunked"}
[info] 
[info] === Serving from 'D:\Kuliah\PemrogramanBerbasisFramework\pertemuan-keduabelas\praktikum'...
[info] 
[debug] [2020-04-23T01:37:27.936Z] >>> HTTP REQUEST GET https://firebase.googleapis.com/v1beta1/projects/fir-login-dc5ad/webApps/-/config  
 
[debug] [2020-04-23T01:37:29.340Z] <<< HTTP RESPONSE 200 {"content-type":"application/json; charset=UTF-8","vary":"X-Origin, Referer, Origin,Accept-Encoding","date":"Thu, 23 Apr 2020 01:37:30 GMT","server":"ESF","cache-control":"private","x-xss-protection":"0","x-frame-options":"SAMEORIGIN","x-content-type-options":"nosniff","alt-svc":"quic=\":443\"; ma=2592000; v=\"46,43\",h3-Q050=\":443\"; ma=2592000,h3-Q049=\":443\"; ma=2592000,h3-Q048=\":443\"; ma=2592000,h3-Q046=\":443\"; ma=2592000,h3-Q043=\":443\"; ma=2592000,h3-T050=\":443\"; ma=2592000","accept-ranges":"none","transfer-encoding":"chunked"}
[info] +  hosting: Local server: http://localhost:5000
